0.000002 (0.000000): Started
0.000043 (0.000043): ../source/rofi.c:main:791 
0.000098 (0.000055): ../source/rofi.c:main:824 
0.000170 (0.000072): ../source/rofi.c:main:831 Setup Locale
0.000354 (0.000184): ../source/rofi.c:main:833 Collect MODI
0.000365 (0.000011): ../source/rofi.c:main:835 Setup MODI
0.000378 (0.000013): ../source/rofi.c:main:839 Setup mainloop
0.000558 (0.000180): ../source/rofi.c:main:842 NK Bindings
0.000727 (0.000169): ../source/xcb.c:display_setup:1109 Open Display
0.001128 (0.000401): ../source/xcb.c:display_setup:1124 Setup XCB
0.009161 (0.008033): ../source/rofi.c:main:849 Setup Display
0.009194 (0.000033): ../source/rofi.c:main:853 Setup abe
0.010316 (0.001122): ../source/rofi.c:main:888 Load cmd config 
0.011075 (0.000759): ../source/view.c:rofi_view_workers_initialize:1849 Setup Threadpool, start
0.011144 (0.000069): ../source/view.c:rofi_view_workers_initialize:1872 Setup Threadpool, done
0.021873 (0.010729): ../source/rofi.c:main:1005 Setup late Display
0.021983 (0.000110): ../source/rofi.c:startup:673 Startup
0.021986 (0.000003): ../source/rofi.c:startup:682 Grab keyboard
0.022040 (0.000054): ../source/view.c:__create_window:701 xcb create window
0.022045 (0.000005): ../source/view.c:__create_window:705 xcb create gc
0.022625 (0.000580): ../source/view.c:__create_window:714 create cairo surface
0.022893 (0.000268): ../source/view.c:__create_window:723 pango cairo font setup
0.025981 (0.003088): ../source/view.c:__create_window:761 configure font
0.043632 (0.017651): ../source/view.c:__create_window:769 textbox setup
0.043645 (0.000013): ../source/view.c:__create_window:781 setup window attributes
0.043652 (0.000007): ../source/view.c:__create_window:791 setup window fullscreen
0.043657 (0.000005): ../source/view.c:__create_window:799 setup window name and class
0.043661 (0.000004): ../source/view.c:__create_window:810 setup startup notification
0.043663 (0.000002): ../source/view.c:__create_window:812 done
0.043677 (0.000014): ../source/rofi.c:startup:684 Create Window
0.043679 (0.000002): ../source/rofi.c:startup:686 Parse ABE
0.043799 (0.000120): ../source/rofi.c:startup:689 Config sanity check
0.044032 (0.000233): ../source/view.c:rofi_view_create:1693 
0.044036 (0.000004): ../source/view.c:rofi_view_create:1710 Startup notification
0.044038 (0.000002): ../source/view.c:rofi_view_create:1713 Get active monitor
0.044903 (0.000865): ../source/view.c:rofi_view_refilter:1027 Filter start
0.044938 (0.000035): ../source/view.c:rofi_view_refilter:1118 Filter done
0.044942 (0.000004): ../source/view.c:rofi_view_update:981 
0.044957 (0.000015): ../source/view.c:rofi_view_update:1001 Background
0.045284 (0.000327): ../source/view.c:rofi_view_update:1007 widgets
0.045327 (0.000043): ../source/view.c:rofi_view_update:981 
0.045332 (0.000005): ../source/view.c:rofi_view_update:1001 Background
0.045402 (0.000070): ../source/view.c:rofi_view_update:1007 widgets
0.045406 (0.000004): ../source/view.c:rofi_view_repaint:234 Expose
0.045420 (0.000014): ../source/view.c:rofi_view_repaint:238 flush
0.054256 (0.008836): ../source/view.c:rofi_view_repaint:234 Expose
0.054275 (0.000019): ../source/view.c:rofi_view_repaint:238 flush
0.080621 (0.000000): Stopped
